<?xml version="1.0" encoding="UTF-8"?>
<!-- Generated by org.testng.reporters.JUnitXMLReporter -->
<testsuite hostname="NAGRE" tests="2" failures="1" timestamp="21 Apr 2020 04:06:16 GMT" time="0.077" errors="0">
  <testcase name="doLogin" time="0.027" classname="TestLogin"/>
  <testcase name="registerUser" time="0.005" classname="TestLogin">
    <failure type="java.lang.AssertionError" message="Execution failed whle registering user">
      <![CDATA[java.lang.AssertionError: Execution failed whle registering user
	at TestLogin.registerUser(TestLogin.java:17)
... Removed 25 stack frames]]>
    </failure>
  </testcase> <!-- registerUser -->
</testsuite>
