<?xml version="1.0" encoding="UTF-8"?>
<testng-results skipped="0" failed="0" total="1" passed="1">
  <reporter-output>
  </reporter-output>
  <suite name="Default suite" duration-ms="29978" started-at="2020-05-20T02:59:50Z" finished-at="2020-05-20T03:00:19Z">
    <groups>
    </groups>
    <test name="Default test" duration-ms="29978" started-at="2020-05-20T02:59:50Z" finished-at="2020-05-20T03:00:19Z">
      <class name="TestLoginPage">
        <test-method status="PASS" signature="doLogin()[pri:0, instance:TestLoginPage@2b80d80f]" name="doLogin" duration-ms="29938" started-at="2020-05-20T08:29:50Z" finished-at="2020-05-20T08:30:19Z">
          <reporter-output>
          </reporter-output>
        </test-method> <!-- doLogin -->
      </class> <!-- TestLoginPage -->
    </test> <!-- Default test -->
  </suite> <!-- Default suite -->
</testng-results>
