<?xml version="1.0" encoding="UTF-8"?>
<!-- Generated by org.testng.reporters.JUnitXMLReporter -->
<testsuite hostname="NAGRE" name="Login_Test" tests="1" failures="0" timestamp="13 May 2020 11:51:51 GMT" time="0.331" errors="0">
  <testcase name="@BeforeTest isSkip" time="0.0" classname="dd_tests.LoginTest">
    <skipped/>
  </testcase> <!-- @BeforeTest isSkip -->
  <testcase name="doLogin" time="0.0" classname="dd_tests.LoginTest">
    <skipped/>
  </testcase> <!-- doLogin -->
</testsuite> <!-- Login_Test -->
