<?xml version="1.0" encoding="UTF-8"?>
<!-- Generated by org.testng.reporters.JUnitXMLReporter -->
<testsuite hostname="NAGRE" name="UploadingPhoto" tests="1" failures="0" timestamp="13 May 2020 11:51:51 GMT" time="0.0" errors="0">
  <testcase name="@BeforeTest isSkip" time="0.0" classname="dd_tests.UploadPhotoTest">
    <skipped/>
  </testcase> <!-- @BeforeTest isSkip -->
  <testcase name="Uploading_Profile_photo" time="0.0" classname="dd_tests.UploadPhotoTest">
    <skipped/>
  </testcase> <!-- Uploading_Profile_photo -->
</testsuite> <!-- UploadingPhoto -->
